0 info it worked if it ends with ok
1 verbose cli [ 'C:\\Program Files\\nodejs\\node.exe',
1 verbose cli   'C:\\Program Files\\nodejs\\node_modules\\npm\\bin\\npm-cli.js',
1 verbose cli   'install',
1 verbose cli   '--save',
1 verbose cli   'webworker-threads' ]
2 info using npm@3.10.10
3 info using node@v6.11.0
4 silly loadCurrentTree Starting
5 silly install loadCurrentTree
6 silly install readLocalPackageData
7 silly fetchPackageMetaData webworker-threads
8 silly fetchNamedPackageData webworker-threads
9 silly mapToRegistry name webworker-threads
10 silly mapToRegistry using default registry
11 silly mapToRegistry registry https://registry.npmjs.org/
12 silly mapToRegistry data Result {
12 silly mapToRegistry   raw: 'webworker-threads',
12 silly mapToRegistry   scope: null,
12 silly mapToRegistry   escapedName: 'webworker-threads',
12 silly mapToRegistry   name: 'webworker-threads',
12 silly mapToRegistry   rawSpec: '',
12 silly mapToRegistry   spec: 'latest',
12 silly mapToRegistry   type: 'tag' }
13 silly mapToRegistry uri https://registry.npmjs.org/webworker-threads
14 verbose request uri https://registry.npmjs.org/webworker-threads
15 verbose request no auth needed
16 info attempt registry request try #1 at 12:50:16
17 verbose request id 0a1b2cc37d121c61
18 verbose etag W/"5971f8cd-20b67"
19 verbose lastModified Fri, 21 Jul 2017 12:51:25 GMT
20 http request GET https://registry.npmjs.org/webworker-threads
21 http 304 https://registry.npmjs.org/webworker-threads
22 verbose headers { date: 'Tue, 01 Aug 2017 09:48:14 GMT',
22 verbose headers   via: '1.1 varnish',
22 verbose headers   'cache-control': 'max-age=300',
22 verbose headers   etag: 'W/"5971f8cd-20b67"',
22 verbose headers   age: '59',
22 verbose headers   connection: 'keep-alive',
22 verbose headers   'x-served-by': 'cache-bma7032-BMA',
22 verbose headers   'x-cache': 'HIT',
22 verbose headers   'x-cache-hits': '1',
22 verbose headers   'x-timer': 'S1501580895.909078,VS0,VE0',
22 verbose headers   vary: 'Accept-Encoding, Accept' }
23 silly get cb [ 304,
23 silly get   { date: 'Tue, 01 Aug 2017 09:48:14 GMT',
23 silly get     via: '1.1 varnish',
23 silly get     'cache-control': 'max-age=300',
23 silly get     etag: 'W/"5971f8cd-20b67"',
23 silly get     age: '59',
23 silly get     connection: 'keep-alive',
23 silly get     'x-served-by': 'cache-bma7032-BMA',
23 silly get     'x-cache': 'HIT',
23 silly get     'x-cache-hits': '1',
23 silly get     'x-timer': 'S1501580895.909078,VS0,VE0',
23 silly get     vary: 'Accept-Encoding, Accept' } ]
24 verbose etag https://registry.npmjs.org/webworker-threads from cache
25 verbose get saving webworker-threads to C:\Users\Akmaral\AppData\Roaming\npm-cache\registry.npmjs.org\webworker-threads\.cache.json
26 verbose correctMkdir C:\Users\Akmaral\AppData\Roaming\npm-cache correctMkdir not in flight; initializing
27 silly install normalizeTree
28 silly loadCurrentTree Finishing
29 silly loadIdealTree Starting
30 silly install loadIdealTree
31 silly cloneCurrentTree Starting
32 silly install cloneCurrentTreeToIdealTree
33 silly cloneCurrentTree Finishing
34 silly loadShrinkwrap Starting
35 silly install loadShrinkwrap
36 silly loadShrinkwrap Finishing
37 silly loadAllDepsIntoIdealTree Starting
38 silly install loadAllDepsIntoIdealTree
39 silly resolveWithNewModule webworker-threads@0.7.12 checking installable status
40 silly cache add args [ 'webworker-threads', null ]
41 verbose cache add spec webworker-threads
42 silly cache add parsed spec Result {
42 silly cache add   raw: 'webworker-threads',
42 silly cache add   scope: null,
42 silly cache add   escapedName: 'webworker-threads',
42 silly cache add   name: 'webworker-threads',
42 silly cache add   rawSpec: '',
42 silly cache add   spec: 'latest',
42 silly cache add   type: 'tag' }
43 silly addNamed webworker-threads@latest
44 verbose addNamed "latest" is being treated as a dist-tag for webworker-threads
45 info addNameTag [ 'webworker-threads', 'latest' ]
46 silly mapToRegistry name webworker-threads
47 silly mapToRegistry using default registry
48 silly mapToRegistry registry https://registry.npmjs.org/
49 silly mapToRegistry data Result {
49 silly mapToRegistry   raw: 'webworker-threads',
49 silly mapToRegistry   scope: null,
49 silly mapToRegistry   escapedName: 'webworker-threads',
49 silly mapToRegistry   name: 'webworker-threads',
49 silly mapToRegistry   rawSpec: '',
49 silly mapToRegistry   spec: 'latest',
49 silly mapToRegistry   type: 'tag' }
50 silly mapToRegistry uri https://registry.npmjs.org/webworker-threads
51 verbose addNameTag registry:https://registry.npmjs.org/webworker-threads not in flight; fetching
52 verbose get https://registry.npmjs.org/webworker-threads not expired, no request
53 silly addNameTag next cb for webworker-threads with tag latest
54 silly addNamed webworker-threads@0.7.12
55 verbose addNamed "0.7.12" is a plain semver version for webworker-threads
56 silly cache afterAdd webworker-threads@0.7.12
57 verbose afterAdd C:\Users\Akmaral\AppData\Roaming\npm-cache\webworker-threads\0.7.12\package\package.json not in flight; writing
58 verbose correctMkdir C:\Users\Akmaral\AppData\Roaming\npm-cache correctMkdir not in flight; initializing
59 verbose afterAdd C:\Users\Akmaral\AppData\Roaming\npm-cache\webworker-threads\0.7.12\package\package.json written
60 silly loadAllDepsIntoIdealTree Finishing
61 silly loadIdealTree Finishing
62 silly currentTree speakab@
62 silly currentTree +-- abbrev@1.1.0
62 silly currentTree +-- addressparser@1.0.1
62 silly currentTree +-- agent-base@2.1.1
62 silly currentTree | `-- semver@5.0.3
62 silly currentTree +-- ajv@4.11.8
62 silly currentTree +-- amdefine@1.0.1
62 silly currentTree +-- ansi-regex@2.1.1
62 silly currentTree +-- ansi-styles@2.2.1
62 silly currentTree +-- apparatus@0.0.9
62 silly currentTree +-- aproba@1.1.2
62 silly currentTree +-- are-we-there-yet@1.1.4
62 silly currentTree +-- asap@2.0.5
62 silly currentTree +-- asn1@0.2.3
62 silly currentTree +-- assert-plus@0.2.0
62 silly currentTree +-- assertion-error@1.0.2
62 silly currentTree +-- ast-types@0.9.12
62 silly currentTree +-- async@2.5.0
62 silly currentTree +-- asynckit@0.4.0
62 silly currentTree +-- aws-sign2@0.6.0
62 silly currentTree +-- aws4@1.6.0
62 silly currentTree +-- axios@0.15.3
62 silly currentTree +-- babel-runtime@6.23.0
62 silly currentTree +-- balanced-match@1.0.0
62 silly currentTree +-- bcrypt-pbkdf@1.0.1
62 silly currentTree +-- bcrypt@1.0.2
62 silly currentTree +-- bignumber.js@1.1.1
62 silly currentTree +-- binary-search@1.3.2
62 silly currentTree +-- bindings@1.2.1
62 silly currentTree +-- bl@1.1.2
62 silly currentTree | +-- readable-stream@2.0.6
62 silly currentTree | `-- string_decoder@0.10.31
62 silly currentTree +-- block-stream@0.0.9
62 silly currentTree +-- bluebird@3.5.0
62 silly currentTree +-- boom@2.10.1
62 silly currentTree +-- brace-expansion@1.1.8
62 silly currentTree +-- browser-stdout@1.3.0
62 silly currentTree +-- buffer-from@0.1.1
62 silly currentTree +-- buffer-shims@1.0.0
62 silly currentTree +-- buildmail@4.0.1
62 silly currentTree +-- bytes@2.4.0
62 silly currentTree +-- caseless@0.12.0
62 silly currentTree +-- chai@3.5.0
62 silly currentTree +-- chalk@1.1.3
62 silly currentTree | `-- supports-color@2.0.0
62 silly currentTree +-- clone@2.1.1
62 silly currentTree +-- co@4.6.0
62 silly currentTree +-- code-point-at@1.1.0
62 silly currentTree +-- colors@1.0.3
62 silly currentTree +-- combined-stream@1.0.5
62 silly currentTree +-- commander@2.9.0
62 silly currentTree +-- concat-map@0.0.1
62 silly currentTree +-- console-control-strings@1.1.0
62 silly currentTree +-- cookie@0.3.1
62 silly currentTree +-- core-js@2.4.1
62 silly currentTree +-- core-util-is@1.0.2
62 silly currentTree +-- create-react-class@15.6.0
62 silly currentTree +-- cryptiles@2.0.5
62 silly currentTree +-- csv-stringify@1.0.4
62 silly currentTree +-- cycle@1.0.3
62 silly currentTree +-- damerau-levenshtein@1.0.4
62 silly currentTree +-- dashdash@1.14.1
62 silly currentTree | `-- assert-plus@1.0.0
62 silly currentTree +-- data-uri-to-buffer@1.2.0
62 silly currentTree +-- date-format@1.1.0
62 silly currentTree +-- debug@2.2.0
62 silly currentTree +-- deep-eql@0.1.3
62 silly currentTree | `-- type-detect@0.1.1
62 silly currentTree +-- deep-extend@0.4.2
62 silly currentTree +-- deep-is@0.1.3
62 silly currentTree +-- degenerator@1.0.4
62 silly currentTree +-- delayed-stream@1.0.0
62 silly currentTree +-- delegates@1.0.0
62 silly currentTree +-- diff@3.2.0
62 silly currentTree +-- domready@1.0.8
62 silly currentTree +-- double-ended-queue@2.1.0-0
62 silly currentTree +-- duplexer@0.1.1
62 silly currentTree +-- ecc-jsbn@0.1.1
62 silly currentTree +-- encoding@0.1.12
62 silly currentTree +-- escape-string-regexp@1.0.5
62 silly currentTree +-- escodegen@1.8.1
62 silly currentTree | `-- esprima@2.7.3
62 silly currentTree +-- esprima@3.1.3
62 silly currentTree +-- estraverse@1.9.3
62 silly currentTree +-- esutils@2.0.2
62 silly currentTree +-- extend@3.0.1
62 silly currentTree +-- extsprintf@1.0.2
62 silly currentTree +-- eyes@0.1.8
62 silly currentTree +-- fast-levenshtein@2.0.6
62 silly currentTree +-- fbjs@0.8.12
62 silly currentTree | `-- core-js@1.2.7
62 silly currentTree +-- file-uri-to-path@1.0.0
62 silly currentTree +-- follow-redirects@1.0.0
62 silly currentTree +-- for-in@1.0.2
62 silly currentTree +-- for-own@0.1.5
62 silly currentTree +-- forever-agent@0.6.1
62 silly currentTree +-- form-data@2.1.4
62 silly currentTree +-- fs.realpath@1.0.0
62 silly currentTree +-- fstream-ignore@1.0.5
62 silly currentTree +-- fstream@1.0.11
62 silly currentTree +-- ftp@0.3.10
62 silly currentTree | +-- isarray@0.0.1
62 silly currentTree | +-- readable-stream@1.1.14
62 silly currentTree | `-- string_decoder@0.10.31
62 silly currentTree +-- gauge@2.7.4
62 silly currentTree +-- generate-function@2.0.0
62 silly currentTree +-- generate-object-property@1.2.0
62 silly currentTree +-- get-uri@2.0.1
62 silly currentTree +-- getpass@0.1.7
62 silly currentTree | `-- assert-plus@1.0.0
62 silly currentTree +-- glob@7.1.2
62 silly currentTree +-- graceful-fs@4.1.11
62 silly currentTree +-- graceful-readlink@1.0.1
62 silly currentTree +-- growl@1.9.2
62 silly currentTree +-- har-schema@1.0.5
62 silly currentTree +-- har-validator@4.2.1
62 silly currentTree +-- has-ansi@2.0.0
62 silly currentTree +-- has-flag@1.0.0
62 silly currentTree +-- has-symbol-support-x@1.4.0
62 silly currentTree +-- has-to-string-tag-x@1.4.0
62 silly currentTree +-- has-unicode@2.0.1
62 silly currentTree +-- hawk@3.1.3
62 silly currentTree +-- helper-clockmaker@1.0.11
62 silly currentTree | +-- debug@2.6.8
62 silly currentTree | `-- ms@2.0.0
62 silly currentTree +-- hipchat-notifier@1.1.0
62 silly currentTree +-- history@4.6.3
62 silly currentTree +-- hnp@0.0.1
62 silly currentTree +-- hoek@2.16.3
62 silly currentTree +-- hoist-non-react-statics@1.2.0
62 silly currentTree +-- http-proxy-agent@1.0.0
62 silly currentTree +-- http-signature@1.1.1
62 silly currentTree +-- httperror@0.2.3
62 silly currentTree +-- httpntlm@1.6.1
62 silly currentTree | `-- underscore@1.7.0
62 silly currentTree +-- httpreq@0.4.24
62 silly currentTree +-- https-proxy-agent@1.0.0
62 silly currentTree +-- iconv-lite@0.4.18
62 silly currentTree +-- inflection@1.10.0
62 silly currentTree +-- inflight@1.0.6
62 silly currentTree +-- inherits@2.0.3
62 silly currentTree +-- ini@1.3.4
62 silly currentTree +-- invariant@2.2.2
62 silly currentTree +-- ip@1.0.1
62 silly currentTree +-- is-array-buffer-x@1.3.0
62 silly currentTree +-- is-extendable@0.1.1
62 silly currentTree +-- is-fullwidth-code-point@1.0.0
62 silly currentTree +-- is-function-x@1.4.0
62 silly currentTree +-- is-my-json-valid@2.16.0
62 silly currentTree +-- is-object-like-x@1.3.0
62 silly currentTree +-- is-primitive@2.0.0
62 silly currentTree +-- is-property@1.0.2
62 silly currentTree +-- is-stream@1.1.0
62 silly currentTree +-- is-typedarray@1.0.0
62 silly currentTree +-- isarray@1.0.0
62 silly currentTree +-- isobject@2.1.0
62 silly currentTree +-- isomorphic-fetch@2.2.1
62 silly currentTree +-- isstream@0.1.2
62 silly currentTree +-- jaccard-similarity-sentences@1.0.2
62 silly currentTree +-- js-tokens@3.0.2
62 silly currentTree +-- jsbn@0.1.1
62 silly currentTree +-- json-bigint@0.1.4
62 silly currentTree +-- json-schema@0.2.3
62 silly currentTree +-- json-stable-stringify@1.0.1
62 silly currentTree +-- json-stringify-safe@5.0.1
62 silly currentTree +-- json3@3.3.2
62 silly currentTree +-- jsonify@0.0.0
62 silly currentTree +-- jsonparse@1.3.1
62 silly currentTree +-- jsonpointer@4.0.1
62 silly currentTree +-- JSONStream@1.0.7
62 silly currentTree +-- jsprim@1.4.0
62 silly currentTree | `-- assert-plus@1.0.0
62 silly currentTree +-- levn@0.3.0
62 silly currentTree +-- libbase64@0.1.0
62 silly currentTree +-- libmime@3.0.0
62 silly currentTree | `-- iconv-lite@0.4.15
62 silly currentTree +-- libqp@1.1.0
62 silly currentTree +-- lodash._baseassign@3.2.0
62 silly currentTree +-- lodash._basecopy@3.0.1
62 silly currentTree +-- lodash._basecreate@3.0.3
62 silly currentTree +-- lodash._getnative@3.9.1
62 silly currentTree +-- lodash._isiterateecall@3.0.9
62 silly currentTree +-- lodash.create@3.1.1
62 silly currentTree +-- lodash.get@4.4.2
62 silly currentTree +-- lodash.isarguments@3.1.0
62 silly currentTree +-- lodash.isarray@3.0.4
62 silly currentTree +-- lodash.isnull@3.0.0
62 silly currentTree +-- lodash.keys@3.1.2
62 silly currentTree +-- lodash@4.17.4
62 silly currentTree +-- log4js@2.3.2
62 silly currentTree | +-- debug@2.6.8
62 silly currentTree | `-- ms@2.0.0
62 silly currentTree +-- loggly@1.1.1
62 silly currentTree | +-- caseless@0.11.0
62 silly currentTree | +-- form-data@2.0.0
62 silly currentTree | +-- har-validator@2.0.6
62 silly currentTree | +-- node-uuid@1.4.8
62 silly currentTree | +-- qs@6.2.3
62 silly currentTree | +-- request@2.75.0
62 silly currentTree | `-- tunnel-agent@0.4.3
62 silly currentTree +-- loose-envify@1.3.1
62 silly currentTree +-- lru-cache@2.6.5
62 silly currentTree +-- mailcomposer@4.0.1
62 silly currentTree +-- mailgun-js@0.7.15
62 silly currentTree | `-- async@2.1.5
62 silly currentTree +-- meteor-node-stubs@0.2.11
62 silly currentTree | +-- asn1.js@4.9.0
62 silly currentTree | +-- assert@1.4.1
62 silly currentTree | +-- base64-js@1.2.0
62 silly currentTree | +-- Base64@0.2.1
62 silly currentTree | +-- bn.js@4.11.6
62 silly currentTree | +-- brorand@1.0.6
62 silly currentTree | +-- browserify-aes@1.0.6
62 silly currentTree | +-- browserify-cipher@1.0.0
62 silly currentTree | +-- browserify-des@1.0.0
62 silly currentTree | +-- browserify-rsa@4.0.1
62 silly currentTree | +-- browserify-sign@4.0.0
62 silly currentTree | +-- browserify-zlib@0.1.4
62 silly currentTree | +-- buffer-xor@1.0.3
62 silly currentTree | +-- buffer@4.9.1
62 silly currentTree | +-- cipher-base@1.0.3
62 silly currentTree | +-- console-browserify@1.1.0
62 silly currentTree | +-- constants-browserify@1.0.0
62 silly currentTree | +-- create-ecdh@4.0.0
62 silly currentTree | +-- create-hash@1.1.2
62 silly currentTree | +-- create-hmac@1.1.4
62 silly currentTree | +-- crypto-browserify@3.11.0
62 silly currentTree | +-- date-now@0.1.4
62 silly currentTree | +-- des.js@1.0.0
62 silly currentTree | +-- diffie-hellman@5.0.2
62 silly currentTree | +-- domain-browser@1.1.7
62 silly currentTree | +-- elliptic@6.3.2
62 silly currentTree | +-- events@1.1.1
62 silly currentTree | +-- evp_bytestokey@1.0.0
62 silly currentTree | +-- hash.js@1.0.3
62 silly currentTree | +-- http-browserify@1.7.0
62 silly currentTree | +-- https-browserify@0.0.1
62 silly currentTree | +-- ieee754@1.1.8
62 silly currentTree | +-- indexof@0.0.1
62 silly currentTree | +-- inherits@2.0.1
62 silly currentTree | +-- isarray@1.0.0
62 silly currentTree | +-- miller-rabin@4.0.0
62 silly currentTree | +-- minimalistic-assert@1.0.0
62 silly currentTree | +-- os-browserify@0.2.1
62 silly currentTree | +-- pako@0.2.9
62 silly currentTree | +-- parse-asn1@5.0.0
62 silly currentTree | +-- path-browserify@0.0.0
62 silly currentTree | +-- pbkdf2@3.0.9
62 silly currentTree | +-- process-nextick-args@1.0.7
62 silly currentTree | +-- process@0.11.9
62 silly currentTree | +-- public-encrypt@4.0.0
62 silly currentTree | +-- punycode@1.4.1
62 silly currentTree | +-- querystring-es3@0.2.1
62 silly currentTree | +-- querystring@0.2.0
62 silly currentTree | +-- randombytes@2.0.3
62 silly currentTree | +-- readable-stream@2.2.10
62 silly currentTree | +-- ripemd160@1.0.1
62 silly currentTree | +-- safe-buffer@5.0.1
62 silly currentTree | +-- sha.js@2.4.8
62 silly currentTree | +-- stream-browserify@2.0.1
62 silly currentTree | +-- string_decoder@1.0.1
62 silly currentTree | +-- timers-browserify@1.4.2
62 silly currentTree | +-- tty-browserify@0.0.0
62 silly currentTree | +-- url@0.11.0
62 silly currentTree | | `-- punycode@1.3.2
62 silly currentTree | +-- util-deprecate@1.0.2
62 silly currentTree | +-- util@0.10.3
62 silly currentTree | `-- vm-browserify@0.0.4
62 silly currentTree +-- mime-db@1.27.0
62 silly currentTree +-- mime-types@2.1.15
62 silly currentTree +-- minimatch@3.0.4
62 silly currentTree +-- minimist@0.0.8
62 silly currentTree +-- minipass@2.2.1
62 silly currentTree +-- minizlib@1.0.3
62 silly currentTree +-- mkdirp@0.5.1
62 silly currentTree +-- mocha@3.4.2
62 silly currentTree | +-- debug@2.6.0
62 silly currentTree | +-- glob@7.1.1
62 silly currentTree | `-- ms@0.7.2
62 silly currentTree +-- module-available@1.0.6
62 silly currentTree +-- ms@0.7.1
62 silly currentTree +-- nan@2.5.0
62 silly currentTree +-- natural@0.4.0
62 silly currentTree +-- netmask@1.0.6
62 silly currentTree +-- node-fetch@1.7.1
62 silly currentTree +-- node-pre-gyp@0.6.32
62 silly currentTree +-- nodemailer-direct-transport@3.3.2
62 silly currentTree +-- nodemailer-fetch@1.6.0
62 silly currentTree +-- nodemailer-shared@1.1.0
62 silly currentTree +-- nodemailer-smtp-pool@2.8.2
62 silly currentTree +-- nodemailer-smtp-transport@2.7.2
62 silly currentTree +-- nodemailer-wellknown@0.1.10
62 silly currentTree +-- nodemailer@2.7.2
62 silly currentTree | +-- ip@1.1.5
62 silly currentTree | `-- socks@1.1.9
62 silly currentTree +-- nopt@3.0.6
62 silly currentTree +-- npmlog@4.1.2
62 silly currentTree +-- number-is-nan@1.0.1
62 silly currentTree +-- oauth-sign@0.8.2
62 silly currentTree +-- object-assign@4.1.1
62 silly currentTree +-- object.omit@2.0.1
62 silly currentTree +-- object.pick@1.2.0
62 silly currentTree +-- once@1.4.0
62 silly currentTree +-- optionator@0.8.2
62 silly currentTree +-- pac-proxy-agent@1.1.0
62 silly currentTree +-- pac-resolver@2.0.0
62 silly currentTree | `-- co@3.0.6
62 silly currentTree +-- path-is-absolute@1.0.1
62 silly currentTree +-- path-proxy@1.0.0
62 silly currentTree | `-- inflection@1.3.8
62 silly currentTree +-- path-to-regexp@1.7.0
62 silly currentTree | `-- isarray@0.0.1
62 silly currentTree +-- performance-now@0.2.0
62 silly currentTree +-- pinkie-promise@2.0.1
62 silly currentTree +-- pinkie@2.0.4
62 silly currentTree +-- prelude-ls@1.1.2
62 silly currentTree +-- process-nextick-args@1.0.7
62 silly currentTree +-- promise@7.3.1
62 silly currentTree +-- prop-types@15.5.10
62 silly currentTree +-- proxy-agent@2.0.0
62 silly currentTree +-- punycode@1.4.1
62 silly currentTree +-- q@1.4.1
62 silly currentTree +-- qs@6.4.0
62 silly currentTree +-- raw-body@2.2.0
62 silly currentTree | `-- iconv-lite@0.4.15
62 silly currentTree +-- rc@1.1.7
62 silly currentTree | `-- minimist@1.2.0
62 silly currentTree +-- react-addons-pure-render-mixin@15.6.0
62 silly currentTree +-- react-dom@15.6.1
62 silly currentTree +-- react-mounter@1.2.0
62 silly currentTree +-- react-router@4.1.2
62 silly currentTree +-- react@15.6.1
62 silly currentTree +-- readable-stream@2.3.3
62 silly currentTree +-- redis-commands@1.3.1
62 silly currentTree +-- redis-parser@2.6.0
62 silly currentTree +-- redis@2.7.1
62 silly currentTree +-- regenerator-runtime@0.10.5
62 silly currentTree +-- request@2.81.0
62 silly currentTree +-- requestretry@1.12.2
62 silly currentTree +-- resolve-pathname@2.1.0
62 silly currentTree +-- rimraf@2.5.4
62 silly currentTree +-- safe-buffer@5.1.1
62 silly currentTree +-- semver@5.3.0
62 silly currentTree +-- sentence-similarity@1.0.7
62 silly currentTree | +-- debug@2.6.8
62 silly currentTree | +-- ms@2.0.0
62 silly currentTree | `-- natural@0.5.4
62 silly currentTree +-- set-blocking@2.0.0
62 silly currentTree +-- setimmediate@1.0.5
62 silly currentTree +-- signal-exit@3.0.2
62 silly currentTree +-- slack-node@0.2.0
62 silly currentTree +-- smart-buffer@1.1.15
62 silly currentTree +-- smtp-connection@2.12.0
62 silly currentTree +-- sntp@1.0.9
62 silly currentTree +-- socks-proxy-agent@2.1.1
62 silly currentTree +-- socks@1.1.10
62 silly currentTree | `-- ip@1.1.5
62 silly currentTree +-- solr-client@0.7.0
62 silly currentTree +-- source-map@0.2.0
62 silly currentTree +-- sshpk@1.13.1
62 silly currentTree | `-- assert-plus@1.0.0
62 silly currentTree +-- stack-trace@0.0.10
62 silly currentTree +-- streamroller@0.5.1
62 silly currentTree | +-- date-format@0.0.0
62 silly currentTree | `-- debug@0.7.4
62 silly currentTree +-- string_decoder@1.0.3
62 silly currentTree +-- string-similarity@1.2.0
62 silly currentTree +-- string-width@1.0.2
62 silly currentTree +-- string@3.3.3
62 silly currentTree +-- stringstream@0.0.5
62 silly currentTree +-- strip-ansi@3.0.1
62 silly currentTree +-- strip-json-comments@2.0.1
62 silly currentTree +-- supports-color@3.1.2
62 silly currentTree +-- sylvester@0.0.21
62 silly currentTree +-- tar-pack@3.3.0
62 silly currentTree | +-- once@1.3.3
62 silly currentTree | +-- readable-stream@2.1.5
62 silly currentTree | `-- string_decoder@0.10.31
62 silly currentTree +-- tar@2.2.1
62 silly currentTree +-- through@2.3.8
62 silly currentTree +-- thunkify@2.1.2
62 silly currentTree +-- timespan@2.3.0
62 silly currentTree +-- to-string-tag-x@1.4.0
62 silly currentTree +-- tough-cookie@2.3.2
62 silly currentTree +-- tsscmp@1.0.5
62 silly currentTree +-- tunnel-agent@0.6.0
62 silly currentTree +-- tweetnacl@0.14.5
62 silly currentTree +-- type-check@0.3.2
62 silly currentTree +-- type-detect@1.0.0
62 silly currentTree +-- typedarray-to-buffer@3.1.2
62 silly currentTree +-- ua-parser-js@0.7.13
62 silly currentTree +-- uid-number@0.0.6
62 silly currentTree +-- underscore@1.8.3
62 silly currentTree +-- unpipe@1.0.0
62 silly currentTree +-- util-deprecate@1.0.2
62 silly currentTree +-- uuid@3.1.0
62 silly currentTree +-- validate.io-undefined@1.0.3
62 silly currentTree +-- value-equal@0.2.1
62 silly currentTree +-- vcap_services@0.3.4
62 silly currentTree +-- verror@1.3.6
62 silly currentTree +-- warning@3.0.0
62 silly currentTree +-- watson-developer-cloud@2.34.0
62 silly currentTree +-- websocket@1.0.24
62 silly currentTree +-- whatwg-fetch@2.0.3
62 silly currentTree +-- when@3.7.8
62 silly currentTree +-- wide-align@1.1.2
62 silly currentTree +-- winston@2.3.1
62 silly currentTree | `-- async@1.0.0
62 silly currentTree +-- wordnet-db@3.1.6
62 silly currentTree | `-- tar@3.1.7
62 silly currentTree +-- wordwrap@1.0.0
62 silly currentTree +-- wrappy@1.0.2
62 silly currentTree +-- xregexp@2.0.0
62 silly currentTree +-- xtend@4.0.1
62 silly currentTree +-- yaeti@0.0.6
62 silly currentTree `-- yallist@3.0.2
63 silly idealTree speakab@
63 silly idealTree +-- abbrev@1.1.0
63 silly idealTree +-- addressparser@1.0.1
63 silly idealTree +-- agent-base@2.1.1
63 silly idealTree | `-- semver@5.0.3
63 silly idealTree +-- ajv@4.11.8
63 silly idealTree +-- amdefine@1.0.1
63 silly idealTree +-- ansi-regex@2.1.1
63 silly idealTree +-- ansi-styles@2.2.1
63 silly idealTree +-- apparatus@0.0.9
63 silly idealTree +-- aproba@1.1.2
63 silly idealTree +-- are-we-there-yet@1.1.4
63 silly idealTree +-- asap@2.0.5
63 silly idealTree +-- asn1@0.2.3
63 silly idealTree +-- assert-plus@0.2.0
63 silly idealTree +-- assertion-error@1.0.2
63 silly idealTree +-- ast-types@0.9.12
63 silly idealTree +-- async@2.5.0
63 silly idealTree +-- asynckit@0.4.0
63 silly idealTree +-- aws-sign2@0.6.0
63 silly idealTree +-- aws4@1.6.0
63 silly idealTree +-- axios@0.15.3
63 silly idealTree +-- babel-runtime@6.23.0
63 silly idealTree +-- balanced-match@1.0.0
63 silly idealTree +-- bcrypt-pbkdf@1.0.1
63 silly idealTree +-- bcrypt@1.0.2
63 silly idealTree +-- bignumber.js@1.1.1
63 silly idealTree +-- binary-search@1.3.2
63 silly idealTree +-- bindings@1.2.1
63 silly idealTree +-- bl@1.1.2
63 silly idealTree | +-- readable-stream@2.0.6
63 silly idealTree | `-- string_decoder@0.10.31
63 silly idealTree +-- block-stream@0.0.9
63 silly idealTree +-- bluebird@3.5.0
63 silly idealTree +-- boom@2.10.1
63 silly idealTree +-- brace-expansion@1.1.8
63 silly idealTree +-- browser-stdout@1.3.0
63 silly idealTree +-- buffer-from@0.1.1
63 silly idealTree +-- buffer-shims@1.0.0
63 silly idealTree +-- buildmail@4.0.1
63 silly idealTree +-- bytes@2.4.0
63 silly idealTree +-- caseless@0.12.0
63 silly idealTree +-- chai@3.5.0
63 silly idealTree +-- chalk@1.1.3
63 silly idealTree | `-- supports-color@2.0.0
63 silly idealTree +-- clone@2.1.1
63 silly idealTree +-- co@4.6.0
63 silly idealTree +-- code-point-at@1.1.0
63 silly idealTree +-- colors@1.0.3
63 silly idealTree +-- combined-stream@1.0.5
63 silly idealTree +-- commander@2.9.0
63 silly idealTree +-- concat-map@0.0.1
63 silly idealTree +-- console-control-strings@1.1.0
63 silly idealTree +-- cookie@0.3.1
63 silly idealTree +-- core-js@2.4.1
63 silly idealTree +-- core-util-is@1.0.2
63 silly idealTree +-- create-react-class@15.6.0
63 silly idealTree +-- cryptiles@2.0.5
63 silly idealTree +-- csv-stringify@1.0.4
63 silly idealTree +-- cycle@1.0.3
63 silly idealTree +-- damerau-levenshtein@1.0.4
63 silly idealTree +-- dashdash@1.14.1
63 silly idealTree | `-- assert-plus@1.0.0
63 silly idealTree +-- data-uri-to-buffer@1.2.0
63 silly idealTree +-- date-format@1.1.0
63 silly idealTree +-- debug@2.2.0
63 silly idealTree +-- deep-eql@0.1.3
63 silly idealTree | `-- type-detect@0.1.1
63 silly idealTree +-- deep-extend@0.4.2
63 silly idealTree +-- deep-is@0.1.3
63 silly idealTree +-- degenerator@1.0.4
63 silly idealTree +-- delayed-stream@1.0.0
63 silly idealTree +-- delegates@1.0.0
63 silly idealTree +-- diff@3.2.0
63 silly idealTree +-- domready@1.0.8
63 silly idealTree +-- double-ended-queue@2.1.0-0
63 silly idealTree +-- duplexer@0.1.1
63 silly idealTree +-- ecc-jsbn@0.1.1
63 silly idealTree +-- encoding@0.1.12
63 silly idealTree +-- escape-string-regexp@1.0.5
63 silly idealTree +-- escodegen@1.8.1
63 silly idealTree | `-- esprima@2.7.3
63 silly idealTree +-- esprima@3.1.3
63 silly idealTree +-- estraverse@1.9.3
63 silly idealTree +-- esutils@2.0.2
63 silly idealTree +-- extend@3.0.1
63 silly idealTree +-- extsprintf@1.0.2
63 silly idealTree +-- eyes@0.1.8
63 silly idealTree +-- fast-levenshtein@2.0.6
63 silly idealTree +-- fbjs@0.8.12
63 silly idealTree | `-- core-js@1.2.7
63 silly idealTree +-- file-uri-to-path@1.0.0
63 silly idealTree +-- follow-redirects@1.0.0
63 silly idealTree +-- for-in@1.0.2
63 silly idealTree +-- for-own@0.1.5
63 silly idealTree +-- forever-agent@0.6.1
63 silly idealTree +-- form-data@2.1.4
63 silly idealTree +-- fs.realpath@1.0.0
63 silly idealTree +-- fstream-ignore@1.0.5
63 silly idealTree +-- fstream@1.0.11
63 silly idealTree +-- ftp@0.3.10
63 silly idealTree | +-- isarray@0.0.1
63 silly idealTree | +-- readable-stream@1.1.14
63 silly idealTree | `-- string_decoder@0.10.31
63 silly idealTree +-- gauge@2.7.4
63 silly idealTree +-- generate-function@2.0.0
63 silly idealTree +-- generate-object-property@1.2.0
63 silly idealTree +-- get-uri@2.0.1
63 silly idealTree +-- getpass@0.1.7
63 silly idealTree | `-- assert-plus@1.0.0
63 silly idealTree +-- glob@7.1.2
63 silly idealTree +-- graceful-fs@4.1.11
63 silly idealTree +-- graceful-readlink@1.0.1
63 silly idealTree +-- growl@1.9.2
63 silly idealTree +-- har-schema@1.0.5
63 silly idealTree +-- har-validator@4.2.1
63 silly idealTree +-- has-ansi@2.0.0
63 silly idealTree +-- has-flag@1.0.0
63 silly idealTree +-- has-symbol-support-x@1.4.0
63 silly idealTree +-- has-to-string-tag-x@1.4.0
63 silly idealTree +-- has-unicode@2.0.1
63 silly idealTree +-- hawk@3.1.3
63 silly idealTree +-- helper-clockmaker@1.0.11
63 silly idealTree | +-- debug@2.6.8
63 silly idealTree | `-- ms@2.0.0
63 silly idealTree +-- hipchat-notifier@1.1.0
63 silly idealTree +-- history@4.6.3
63 silly idealTree +-- hnp@0.0.1
63 silly idealTree +-- hoek@2.16.3
63 silly idealTree +-- hoist-non-react-statics@1.2.0
63 silly idealTree +-- http-proxy-agent@1.0.0
63 silly idealTree +-- http-signature@1.1.1
63 silly idealTree +-- httperror@0.2.3
63 silly idealTree +-- httpntlm@1.6.1
63 silly idealTree | `-- underscore@1.7.0
63 silly idealTree +-- httpreq@0.4.24
63 silly idealTree +-- https-proxy-agent@1.0.0
63 silly idealTree +-- iconv-lite@0.4.18
63 silly idealTree +-- inflection@1.10.0
63 silly idealTree +-- inflight@1.0.6
63 silly idealTree +-- inherits@2.0.3
63 silly idealTree +-- ini@1.3.4
63 silly idealTree +-- invariant@2.2.2
63 silly idealTree +-- ip@1.0.1
63 silly idealTree +-- is-array-buffer-x@1.3.0
63 silly idealTree +-- is-extendable@0.1.1
63 silly idealTree +-- is-fullwidth-code-point@1.0.0
63 silly idealTree +-- is-function-x@1.4.0
63 silly idealTree +-- is-my-json-valid@2.16.0
63 silly idealTree +-- is-object-like-x@1.3.0
63 silly idealTree +-- is-primitive@2.0.0
63 silly idealTree +-- is-property@1.0.2
63 silly idealTree +-- is-stream@1.1.0
63 silly idealTree +-- is-typedarray@1.0.0
63 silly idealTree +-- isarray@1.0.0
63 silly idealTree +-- isobject@2.1.0
63 silly idealTree +-- isomorphic-fetch@2.2.1
63 silly idealTree +-- isstream@0.1.2
63 silly idealTree +-- jaccard-similarity-sentences@1.0.2
63 silly idealTree +-- js-tokens@3.0.2
63 silly idealTree +-- jsbn@0.1.1
63 silly idealTree +-- json-bigint@0.1.4
63 silly idealTree +-- json-schema@0.2.3
63 silly idealTree +-- json-stable-stringify@1.0.1
63 silly idealTree +-- json-stringify-safe@5.0.1
63 silly idealTree +-- json3@3.3.2
63 silly idealTree +-- jsonify@0.0.0
63 silly idealTree +-- jsonparse@1.3.1
63 silly idealTree +-- jsonpointer@4.0.1
63 silly idealTree +-- JSONStream@1.0.7
63 silly idealTree +-- jsprim@1.4.0
63 silly idealTree | `-- assert-plus@1.0.0
63 silly idealTree +-- levn@0.3.0
63 silly idealTree +-- libbase64@0.1.0
63 silly idealTree +-- libmime@3.0.0
63 silly idealTree | `-- iconv-lite@0.4.15
63 silly idealTree +-- libqp@1.1.0
63 silly idealTree +-- lodash._baseassign@3.2.0
63 silly idealTree +-- lodash._basecopy@3.0.1
63 silly idealTree +-- lodash._basecreate@3.0.3
63 silly idealTree +-- lodash._getnative@3.9.1
63 silly idealTree +-- lodash._isiterateecall@3.0.9
63 silly idealTree +-- lodash.create@3.1.1
63 silly idealTree +-- lodash.get@4.4.2
63 silly idealTree +-- lodash.isarguments@3.1.0
63 silly idealTree +-- lodash.isarray@3.0.4
63 silly idealTree +-- lodash.isnull@3.0.0
63 silly idealTree +-- lodash.keys@3.1.2
63 silly idealTree +-- lodash@4.17.4
63 silly idealTree +-- log4js@2.3.2
63 silly idealTree | +-- debug@2.6.8
63 silly idealTree | `-- ms@2.0.0
63 silly idealTree +-- loggly@1.1.1
63 silly idealTree | +-- caseless@0.11.0
63 silly idealTree | +-- form-data@2.0.0
63 silly idealTree | +-- har-validator@2.0.6
63 silly idealTree | +-- node-uuid@1.4.8
63 silly idealTree | +-- qs@6.2.3
63 silly idealTree | +-- request@2.75.0
63 silly idealTree | `-- tunnel-agent@0.4.3
63 silly idealTree +-- loose-envify@1.3.1
63 silly idealTree +-- lru-cache@2.6.5
63 silly idealTree +-- mailcomposer@4.0.1
63 silly idealTree +-- mailgun-js@0.7.15
63 silly idealTree | `-- async@2.1.5
63 silly idealTree +-- meteor-node-stubs@0.2.11
63 silly idealTree | +-- asn1.js@4.9.0
63 silly idealTree | +-- assert@1.4.1
63 silly idealTree | +-- base64-js@1.2.0
63 silly idealTree | +-- Base64@0.2.1
63 silly idealTree | +-- bn.js@4.11.6
63 silly idealTree | +-- brorand@1.0.6
63 silly idealTree | +-- browserify-aes@1.0.6
63 silly idealTree | +-- browserify-cipher@1.0.0
63 silly idealTree | +-- browserify-des@1.0.0
63 silly idealTree | +-- browserify-rsa@4.0.1
63 silly idealTree | +-- browserify-sign@4.0.0
63 silly idealTree | +-- browserify-zlib@0.1.4
63 silly idealTree | +-- buffer-xor@1.0.3
63 silly idealTree | +-- buffer@4.9.1
63 silly idealTree | +-- cipher-base@1.0.3
63 silly idealTree | +-- console-browserify@1.1.0
63 silly idealTree | +-- constants-browserify@1.0.0
63 silly idealTree | +-- create-ecdh@4.0.0
63 silly idealTree | +-- create-hash@1.1.2
63 silly idealTree | +-- create-hmac@1.1.4
63 silly idealTree | +-- crypto-browserify@3.11.0
63 silly idealTree | +-- date-now@0.1.4
63 silly idealTree | +-- des.js@1.0.0
63 silly idealTree | +-- diffie-hellman@5.0.2
63 silly idealTree | +-- domain-browser@1.1.7
63 silly idealTree | +-- elliptic@6.3.2
63 silly idealTree | +-- events@1.1.1
63 silly idealTree | +-- evp_bytestokey@1.0.0
63 silly idealTree | +-- hash.js@1.0.3
63 silly idealTree | +-- http-browserify@1.7.0
63 silly idealTree | +-- https-browserify@0.0.1
63 silly idealTree | +-- ieee754@1.1.8
63 silly idealTree | +-- indexof@0.0.1
63 silly idealTree | +-- inherits@2.0.1
63 silly idealTree | +-- isarray@1.0.0
63 silly idealTree | +-- miller-rabin@4.0.0
63 silly idealTree | +-- minimalistic-assert@1.0.0
63 silly idealTree | +-- os-browserify@0.2.1
63 silly idealTree | +-- pako@0.2.9
63 silly idealTree | +-- parse-asn1@5.0.0
63 silly idealTree | +-- path-browserify@0.0.0
63 silly idealTree | +-- pbkdf2@3.0.9
63 silly idealTree | +-- process-nextick-args@1.0.7
63 silly idealTree | +-- process@0.11.9
63 silly idealTree | +-- public-encrypt@4.0.0
63 silly idealTree | +-- punycode@1.4.1
63 silly idealTree | +-- querystring-es3@0.2.1
63 silly idealTree | +-- querystring@0.2.0
63 silly idealTree | +-- randombytes@2.0.3
63 silly idealTree | +-- readable-stream@2.2.10
63 silly idealTree | +-- ripemd160@1.0.1
63 silly idealTree | +-- safe-buffer@5.0.1
63 silly idealTree | +-- sha.js@2.4.8
63 silly idealTree | +-- stream-browserify@2.0.1
63 silly idealTree | +-- string_decoder@1.0.1
63 silly idealTree | +-- timers-browserify@1.4.2
63 silly idealTree | +-- tty-browserify@0.0.0
63 silly idealTree | +-- url@0.11.0
63 silly idealTree | | `-- punycode@1.3.2
63 silly idealTree | +-- util-deprecate@1.0.2
63 silly idealTree | +-- util@0.10.3
63 silly idealTree | `-- vm-browserify@0.0.4
63 silly idealTree +-- mime-db@1.27.0
63 silly idealTree +-- mime-types@2.1.15
63 silly idealTree +-- minimatch@3.0.4
63 silly idealTree +-- minimist@0.0.8
63 silly idealTree +-- minipass@2.2.1
63 silly idealTree +-- minizlib@1.0.3
63 silly idealTree +-- mkdirp@0.5.1
63 silly idealTree +-- mocha@3.4.2
63 silly idealTree | +-- debug@2.6.0
63 silly idealTree | +-- glob@7.1.1
63 silly idealTree | `-- ms@0.7.2
63 silly idealTree +-- module-available@1.0.6
63 silly idealTree +-- ms@0.7.1
63 silly idealTree +-- nan@2.5.0
63 silly idealTree +-- natural@0.4.0
63 silly idealTree +-- netmask@1.0.6
63 silly idealTree +-- node-fetch@1.7.1
63 silly idealTree +-- node-pre-gyp@0.6.32
63 silly idealTree +-- nodemailer-direct-transport@3.3.2
63 silly idealTree +-- nodemailer-fetch@1.6.0
63 silly idealTree +-- nodemailer-shared@1.1.0
63 silly idealTree +-- nodemailer-smtp-pool@2.8.2
63 silly idealTree +-- nodemailer-smtp-transport@2.7.2
63 silly idealTree +-- nodemailer-wellknown@0.1.10
63 silly idealTree +-- nodemailer@2.7.2
63 silly idealTree | +-- ip@1.1.5
63 silly idealTree | `-- socks@1.1.9
63 silly idealTree +-- nopt@3.0.6
63 silly idealTree +-- npmlog@4.1.2
63 silly idealTree +-- number-is-nan@1.0.1
63 silly idealTree +-- oauth-sign@0.8.2
63 silly idealTree +-- object-assign@4.1.1
63 silly idealTree +-- object.omit@2.0.1
63 silly idealTree +-- object.pick@1.2.0
63 silly idealTree +-- once@1.4.0
63 silly idealTree +-- optionator@0.8.2
63 silly idealTree +-- pac-proxy-agent@1.1.0
63 silly idealTree +-- pac-resolver@2.0.0
63 silly idealTree | `-- co@3.0.6
63 silly idealTree +-- path-is-absolute@1.0.1
63 silly idealTree +-- path-proxy@1.0.0
63 silly idealTree | `-- inflection@1.3.8
63 silly idealTree +-- path-to-regexp@1.7.0
63 silly idealTree | `-- isarray@0.0.1
63 silly idealTree +-- performance-now@0.2.0
63 silly idealTree +-- pinkie-promise@2.0.1
63 silly idealTree +-- pinkie@2.0.4
63 silly idealTree +-- prelude-ls@1.1.2
63 silly idealTree +-- process-nextick-args@1.0.7
63 silly idealTree +-- promise@7.3.1
63 silly idealTree +-- prop-types@15.5.10
63 silly idealTree +-- proxy-agent@2.0.0
63 silly idealTree +-- punycode@1.4.1
63 silly idealTree +-- q@1.4.1
63 silly idealTree +-- qs@6.4.0
63 silly idealTree +-- raw-body@2.2.0
63 silly idealTree | `-- iconv-lite@0.4.15
63 silly idealTree +-- rc@1.1.7
63 silly idealTree | `-- minimist@1.2.0
63 silly idealTree +-- react-addons-pure-render-mixin@15.6.0
63 silly idealTree +-- react-dom@15.6.1
63 silly idealTree +-- react-mounter@1.2.0
63 silly idealTree +-- react-router@4.1.2
63 silly idealTree +-- react@15.6.1
63 silly idealTree +-- readable-stream@2.3.3
63 silly idealTree +-- redis-commands@1.3.1
63 silly idealTree +-- redis-parser@2.6.0
63 silly idealTree +-- redis@2.7.1
63 silly idealTree +-- regenerator-runtime@0.10.5
63 silly idealTree +-- request@2.81.0
63 silly idealTree +-- requestretry@1.12.2
63 silly idealTree +-- resolve-pathname@2.1.0
63 silly idealTree +-- rimraf@2.5.4
63 silly idealTree +-- safe-buffer@5.1.1
63 silly idealTree +-- semver@5.3.0
63 silly idealTree +-- sentence-similarity@1.0.7
63 silly idealTree | +-- debug@2.6.8
63 silly idealTree | +-- ms@2.0.0
63 silly idealTree | `-- natural@0.5.4
63 silly idealTree +-- set-blocking@2.0.0
63 silly idealTree +-- setimmediate@1.0.5
63 silly idealTree +-- signal-exit@3.0.2
63 silly idealTree +-- slack-node@0.2.0
63 silly idealTree +-- smart-buffer@1.1.15
63 silly idealTree +-- smtp-connection@2.12.0
63 silly idealTree +-- sntp@1.0.9
63 silly idealTree +-- socks-proxy-agent@2.1.1
63 silly idealTree +-- socks@1.1.10
63 silly idealTree | `-- ip@1.1.5
63 silly idealTree +-- solr-client@0.7.0
63 silly idealTree +-- source-map@0.2.0
63 silly idealTree +-- sshpk@1.13.1
63 silly idealTree | `-- assert-plus@1.0.0
63 silly idealTree +-- stack-trace@0.0.10
63 silly idealTree +-- streamroller@0.5.1
63 silly idealTree | +-- date-format@0.0.0
63 silly idealTree | `-- debug@0.7.4
63 silly idealTree +-- string_decoder@1.0.3
63 silly idealTree +-- string-similarity@1.2.0
63 silly idealTree +-- string-width@1.0.2
63 silly idealTree +-- string@3.3.3
63 silly idealTree +-- stringstream@0.0.5
63 silly idealTree +-- strip-ansi@3.0.1
63 silly idealTree +-- strip-json-comments@2.0.1
63 silly idealTree +-- supports-color@3.1.2
63 silly idealTree +-- sylvester@0.0.21
63 silly idealTree +-- tar-pack@3.3.0
63 silly idealTree | +-- once@1.3.3
63 silly idealTree | +-- readable-stream@2.1.5
63 silly idealTree | `-- string_decoder@0.10.31
63 silly idealTree +-- tar@2.2.1
63 silly idealTree +-- through@2.3.8
63 silly idealTree +-- thunkify@2.1.2
63 silly idealTree +-- timespan@2.3.0
63 silly idealTree +-- to-string-tag-x@1.4.0
63 silly idealTree +-- tough-cookie@2.3.2
63 silly idealTree +-- tsscmp@1.0.5
63 silly idealTree +-- tunnel-agent@0.6.0
63 silly idealTree +-- tweetnacl@0.14.5
63 silly idealTree +-- type-check@0.3.2
63 silly idealTree +-- type-detect@1.0.0
63 silly idealTree +-- typedarray-to-buffer@3.1.2
63 silly idealTree +-- ua-parser-js@0.7.13
63 silly idealTree +-- uid-number@0.0.6
63 silly idealTree +-- underscore@1.8.3
63 silly idealTree +-- unpipe@1.0.0
63 silly idealTree +-- util-deprecate@1.0.2
63 silly idealTree +-- uuid@3.1.0
63 silly idealTree +-- validate.io-undefined@1.0.3
63 silly idealTree +-- value-equal@0.2.1
63 silly idealTree +-- vcap_services@0.3.4
63 silly idealTree +-- verror@1.3.6
63 silly idealTree +-- warning@3.0.0
63 silly idealTree +-- watson-developer-cloud@2.34.0
63 silly idealTree +-- websocket@1.0.24
63 silly idealTree +-- webworker-threads@0.7.12
63 silly idealTree +-- whatwg-fetch@2.0.3
63 silly idealTree +-- when@3.7.8
63 silly idealTree +-- wide-align@1.1.2
63 silly idealTree +-- winston@2.3.1
63 silly idealTree | `-- async@1.0.0
63 silly idealTree +-- wordnet-db@3.1.6
63 silly idealTree | `-- tar@3.1.7
63 silly idealTree +-- wordwrap@1.0.0
63 silly idealTree +-- wrappy@1.0.2
63 silly idealTree +-- xregexp@2.0.0
63 silly idealTree +-- xtend@4.0.1
63 silly idealTree +-- yaeti@0.0.6
63 silly idealTree `-- yallist@3.0.2
64 silly generateActionsToTake Starting
65 silly install generateActionsToTake
66 silly generateActionsToTake Finishing
67 silly diffTrees action count 1
68 silly diffTrees add webworker-threads@0.7.12
69 silly decomposeActions action count 8
70 silly decomposeActions fetch webworker-threads@0.7.12
71 silly decomposeActions extract webworker-threads@0.7.12
72 silly decomposeActions test webworker-threads@0.7.12
73 silly decomposeActions preinstall webworker-threads@0.7.12
74 silly decomposeActions build webworker-threads@0.7.12
75 silly decomposeActions install webworker-threads@0.7.12
76 silly decomposeActions postinstall webworker-threads@0.7.12
77 silly decomposeActions finalize webworker-threads@0.7.12
78 silly runTopLevelLifecycles Starting
79 silly executeActions Starting
80 silly install executeActions
81 silly doSerial global-install 0
82 silly doParallel fetch 1
83 verbose correctMkdir C:\Users\Akmaral\AppData\Roaming\npm-cache\_locks correctMkdir not in flight; initializing
84 verbose lock using C:\Users\Akmaral\AppData\Roaming\npm-cache\_locks\staging-371f4f5e9ec59a41.lock for C:\MIT\project\speakab\node_modules\.staging
85 silly doParallel extract 1
86 silly extract webworker-threads@0.7.12
87 verbose unbuild node_modules\.staging\webworker-threads-0c8da8e1
88 silly gentlyRm C:\MIT\project\speakab\node_modules\.staging\webworker-threads-0c8da8e1 is being purged from base C:\MIT\project\speakab
89 verbose gentlyRm don't care about contents; nuking C:\MIT\project\speakab\node_modules\.staging\webworker-threads-0c8da8e1
90 verbose tar unpack C:\Users\Akmaral\AppData\Roaming\npm-cache\webworker-threads\0.7.12\package.tgz
91 verbose tar unpacking to C:\MIT\project\speakab\node_modules\.staging\webworker-threads-0c8da8e1
92 silly gentlyRm C:\MIT\project\speakab\node_modules\.staging\webworker-threads-0c8da8e1 is being purged
93 verbose gentlyRm don't care about contents; nuking C:\MIT\project\speakab\node_modules\.staging\webworker-threads-0c8da8e1
94 silly gunzTarPerm modes [ '777', '666' ]
95 silly gunzTarPerm extractEntry package.json
96 silly gunzTarPerm modified mode [ 'package.json', 436, 438 ]
97 silly gunzTarPerm extractEntry .npmignore
98 silly gunzTarPerm modified mode [ '.npmignore', 420, 438 ]
99 silly gunzTarPerm extractEntry README.md
100 silly gunzTarPerm modified mode [ 'README.md', 436, 438 ]
101 silly gunzTarPerm extractEntry LICENSE
102 silly gunzTarPerm modified mode [ 'LICENSE', 420, 438 ]
103 silly gunzTarPerm extractEntry index.js
104 silly gunzTarPerm modified mode [ 'index.js', 420, 438 ]
105 silly gunzTarPerm extractEntry test.js
106 silly gunzTarPerm modified mode [ 'test.js', 420, 438 ]
107 silly gunzTarPerm extractEntry test-package.js
108 silly gunzTarPerm modified mode [ 'test-package.js', 436, 438 ]
109 silly gunzTarPerm extractEntry TODO.md
110 silly gunzTarPerm modified mode [ 'TODO.md', 420, 438 ]
111 silly gunzTarPerm extractEntry benchmark/b00_fibonacci_server_no_threads.js
112 silly gunzTarPerm modified mode [ 'benchmark/b00_fibonacci_server_no_threads.js', 420, 438 ]
113 silly gunzTarPerm extractEntry benchmark/b01_fibonacci_server_threads.js
114 silly gunzTarPerm modified mode [ 'benchmark/b01_fibonacci_server_threads.js', 420, 438 ]
115 silly gunzTarPerm extractEntry benchmark/b02_fibonacci_server_threads_pool.js
116 silly gunzTarPerm modified mode [ 'benchmark/b02_fibonacci_server_threads_pool.js', 420, 438 ]
117 silly gunzTarPerm extractEntry benchmark/b03_fibonacci_server_clustered.js
118 silly gunzTarPerm modified mode [ 'benchmark/b03_fibonacci_server_clustered.js', 420, 438 ]
119 silly gunzTarPerm extractEntry benchmark/b04_only_quick.js
120 silly gunzTarPerm modified mode [ 'benchmark/b04_only_quick.js', 420, 438 ]
121 silly gunzTarPerm extractEntry benchmark/pi.js
122 silly gunzTarPerm modified mode [ 'benchmark/pi.js', 493, 511 ]
123 silly gunzTarPerm extractEntry benchmark/pi_precompiled.js
124 silly gunzTarPerm modified mode [ 'benchmark/pi_precompiled.js', 420, 438 ]
125 silly gunzTarPerm extractEntry benchmark/doubles.c
126 silly gunzTarPerm modified mode [ 'benchmark/doubles.c', 420, 438 ]
127 silly gunzTarPerm extractEntry benchmark/pi.c
128 silly gunzTarPerm modified mode [ 'benchmark/pi.c', 420, 438 ]
129 silly gunzTarPerm extractEntry benchmark/pi.rb
130 silly gunzTarPerm modified mode [ 'benchmark/pi.rb', 493, 511 ]
131 silly gunzTarPerm extractEntry binding.gyp
132 silly gunzTarPerm modified mode [ 'binding.gyp', 436, 438 ]
133 silly gunzTarPerm extractEntry deps/minifier/bin/.keep
134 silly gunzTarPerm modified mode [ 'deps/minifier/bin/.keep', 436, 438 ]
135 silly gunzTarPerm extractEntry deps/minifier/src/minify.c
136 silly gunzTarPerm modified mode [ 'deps/minifier/src/minify.c', 420, 438 ]
137 silly gunzTarPerm extractEntry deps/minifier/src/test
138 silly gunzTarPerm modified mode [ 'deps/minifier/src/test', 493, 511 ]
139 silly gunzTarPerm extractEntry deps/minifier/src/test.include.c
140 silly gunzTarPerm modified mode [ 'deps/minifier/src/test.include.c', 420, 438 ]
141 silly gunzTarPerm extractEntry deps/minifier/src/test_minifier.c
142 silly gunzTarPerm modified mode [ 'deps/minifier/src/test_minifier.c', 420, 438 ]
143 silly gunzTarPerm extractEntry examples/demo.js
144 silly gunzTarPerm modified mode [ 'examples/demo.js', 420, 438 ]
145 silly gunzTarPerm extractEntry examples/ex03_ping_pong.js
146 silly gunzTarPerm modified mode [ 'examples/ex03_ping_pong.js', 420, 438 ]
147 silly gunzTarPerm extractEntry examples/quickIntro_multiThread.js
148 silly gunzTarPerm modified mode [ 'examples/quickIntro_multiThread.js', 420, 438 ]
149 silly gunzTarPerm extractEntry examples/ex04_main.js
150 silly gunzTarPerm modified mode [ 'examples/ex04_main.js', 420, 438 ]
151 silly gunzTarPerm extractEntry examples/quickIntro_multiThreadEvented.js
152 silly gunzTarPerm modified mode [ 'examples/quickIntro_multiThreadEvented.js', 420, 438 ]
153 silly gunzTarPerm extractEntry examples/ex04_worker.js
154 silly gunzTarPerm modified mode [ 'examples/ex04_worker.js', 420, 438 ]
155 silly gunzTarPerm extractEntry examples/quickIntro_fiveThreads.js
156 silly gunzTarPerm modified mode [ 'examples/quickIntro_fiveThreads.js', 420, 438 ]
157 silly gunzTarPerm extractEntry examples/ex05_pool.js
158 silly gunzTarPerm modified mode [ 'examples/ex05_pool.js', 420, 438 ]
159 silly gunzTarPerm extractEntry examples/quickIntro_evented_childThreadCode.js
160 silly gunzTarPerm modified mode [ 'examples/quickIntro_evented_childThreadCode.js', 420, 438 ]
161 silly gunzTarPerm extractEntry examples/ex01_basic.js
162 silly gunzTarPerm modified mode [ 'examples/ex01_basic.js', 420, 438 ]
163 silly gunzTarPerm extractEntry examples/ex02_events.js
164 silly gunzTarPerm modified mode [ 'examples/ex02_events.js', 420, 438 ]
165 silly gunzTarPerm extractEntry examples/ex06_jason.js
166 silly gunzTarPerm modified mode [ 'examples/ex06_jason.js', 420, 438 ]
167 silly gunzTarPerm extractEntry examples/quickIntro_oneThread.js
168 silly gunzTarPerm modified mode [ 'examples/quickIntro_oneThread.js', 420, 438 ]
169 silly gunzTarPerm extractEntry examples/quickIntro_blocking.js
170 silly gunzTarPerm modified mode [ 'examples/quickIntro_blocking.js', 420, 438 ]
171 silly gunzTarPerm extractEntry examples/quickIntro_loop.js
172 silly gunzTarPerm modified mode [ 'examples/quickIntro_loop.js', 420, 438 ]
173 silly gunzTarPerm extractEntry examples/quickIntro_oneThreadEvented.js
174 silly gunzTarPerm modified mode [ 'examples/quickIntro_oneThreadEvented.js', 420, 438 ]
175 silly gunzTarPerm extractEntry examples/ex06_complex.js
176 silly gunzTarPerm modified mode [ 'examples/ex06_complex.js', 420, 438 ]
177 silly gunzTarPerm extractEntry examples/fiveThreads.ls
178 silly gunzTarPerm modified mode [ 'examples/fiveThreads.ls', 493, 511 ]
179 silly gunzTarPerm extractEntry examples/multiThreadEvented.ls
180 silly gunzTarPerm modified mode [ 'examples/multiThreadEvented.ls', 493, 511 ]
181 silly gunzTarPerm extractEntry examples/ex06_jason.md
182 silly gunzTarPerm modified mode [ 'examples/ex06_jason.md', 420, 438 ]
183 silly gunzTarPerm extractEntry examples/ex05_pool.md
184 silly gunzTarPerm modified mode [ 'examples/ex05_pool.md', 420, 438 ]
185 silly gunzTarPerm extractEntry examples/ex04_worker.md
186 silly gunzTarPerm modified mode [ 'examples/ex04_worker.md', 420, 438 ]
187 silly gunzTarPerm extractEntry examples/ex04_main.md
188 silly gunzTarPerm modified mode [ 'examples/ex04_main.md', 420, 438 ]
189 silly gunzTarPerm extractEntry examples/ex03_ping_pong.md
190 silly gunzTarPerm modified mode [ 'examples/ex03_ping_pong.md', 420, 438 ]
191 silly gunzTarPerm extractEntry examples/ex02_events.md
192 silly gunzTarPerm modified mode [ 'examples/ex02_events.md', 420, 438 ]
193 silly gunzTarPerm extractEntry examples/ex01_basic.md
194 silly gunzTarPerm modified mode [ 'examples/ex01_basic.md', 420, 438 ]
195 silly gunzTarPerm extractEntry AUTHORS
196 silly gunzTarPerm modified mode [ 'AUTHORS', 420, 438 ]
197 silly gunzTarPerm extractEntry CHANGES.md
198 silly gunzTarPerm modified mode [ 'CHANGES.md', 436, 438 ]
199 silly gunzTarPerm extractEntry .editorconfig
200 silly gunzTarPerm modified mode [ '.editorconfig', 420, 438 ]
201 silly gunzTarPerm extractEntry package.ls
202 silly gunzTarPerm modified mode [ 'package.ls', 509, 511 ]
203 silly gunzTarPerm extractEntry src/load.js
204 silly gunzTarPerm modified mode [ 'src/load.js', 436, 438 ]
205 silly gunzTarPerm extractEntry src/createPool.js
206 silly gunzTarPerm modified mode [ 'src/createPool.js', 436, 438 ]
207 silly gunzTarPerm extractEntry src/events.js
208 silly gunzTarPerm modified mode [ 'src/events.js', 436, 438 ]
209 silly gunzTarPerm extractEntry src/thread_nextTick.js
210 silly gunzTarPerm modified mode [ 'src/thread_nextTick.js', 436, 438 ]
211 silly gunzTarPerm extractEntry src/worker.js
212 silly gunzTarPerm modified mode [ 'src/worker.js', 436, 438 ]
213 silly gunzTarPerm extractEntry src/createPool.js.c
214 silly gunzTarPerm modified mode [ 'src/createPool.js.c', 420, 438 ]
215 silly gunzTarPerm extractEntry src/createPool.ls
216 silly gunzTarPerm modified mode [ 'src/createPool.ls', 420, 438 ]
217 silly gunzTarPerm extractEntry src/bson.cc
218 silly gunzTarPerm modified mode [ 'src/bson.cc', 436, 438 ]
219 silly gunzTarPerm extractEntry src/events.js.c
220 silly gunzTarPerm modified mode [ 'src/events.js.c', 420, 438 ]
221 silly gunzTarPerm extractEntry src/events.ls
222 silly gunzTarPerm modified mode [ 'src/events.ls', 420, 438 ]
223 silly gunzTarPerm extractEntry src/jslib.cc
224 silly gunzTarPerm modified mode [ 'src/jslib.cc', 436, 438 ]
225 silly gunzTarPerm extractEntry src/WebWorkerThreads.cc
226 silly gunzTarPerm modified mode [ 'src/WebWorkerThreads.cc', 436, 438 ]
227 silly gunzTarPerm extractEntry src/load.js.c
228 silly gunzTarPerm modified mode [ 'src/load.js.c', 436, 438 ]
229 silly gunzTarPerm extractEntry src/load.ls
230 silly gunzTarPerm modified mode [ 'src/load.ls', 420, 438 ]
231 silly gunzTarPerm extractEntry src/nan_isolate_data_accessor.h
232 silly gunzTarPerm modified mode [ 'src/nan_isolate_data_accessor.h', 420, 438 ]
233 silly gunzTarPerm extractEntry src/queues_a_gogo.cc
234 silly gunzTarPerm modified mode [ 'src/queues_a_gogo.cc', 420, 438 ]
235 silly gunzTarPerm extractEntry src/bson.h
236 silly gunzTarPerm modified mode [ 'src/bson.h', 420, 438 ]
237 silly gunzTarPerm extractEntry src/thread_nextTick.js.c
238 silly gunzTarPerm modified mode [ 'src/thread_nextTick.js.c', 420, 438 ]
239 silly gunzTarPerm extractEntry src/thread_nextTick.ls
240 silly gunzTarPerm modified mode [ 'src/thread_nextTick.ls', 420, 438 ]
241 silly gunzTarPerm extractEntry src/ArrayBufferAllocator.h
242 silly gunzTarPerm modified mode [ 'src/ArrayBufferAllocator.h', 420, 438 ]
243 silly gunzTarPerm extractEntry src/worker.js.c
244 silly gunzTarPerm modified mode [ 'src/worker.js.c', 436, 438 ]
245 silly gunzTarPerm extractEntry src/worker.ls
246 silly gunzTarPerm modified mode [ 'src/worker.ls', 420, 438 ]
247 silly gunzTarPerm extractEntry test/ab.js
248 silly gunzTarPerm modified mode [ 'test/ab.js', 420, 438 ]
249 silly gunzTarPerm extractEntry test/test11_multi_callbacks.js
250 silly gunzTarPerm modified mode [ 'test/test11_multi_callbacks.js', 420, 438 ]
251 silly gunzTarPerm extractEntry test/test12_precompiled_vs_normal.js
252 silly gunzTarPerm modified mode [ 'test/test12_precompiled_vs_normal.js', 420, 438 ]
253 silly gunzTarPerm extractEntry test/test13_thread_nextTick_speed.js
254 silly gunzTarPerm modified mode [ 'test/test13_thread_nextTick_speed.js', 420, 438 ]
255 silly gunzTarPerm extractEntry test/test10_node_nextTick_speed.js
256 silly gunzTarPerm modified mode [ 'test/test10_node_nextTick_speed.js', 420, 438 ]
257 silly gunzTarPerm extractEntry test/test15_emit_ping_pong.js
258 silly gunzTarPerm modified mode [ 'test/test15_emit_ping_pong.js', 420, 438 ]
259 silly gunzTarPerm extractEntry test/test16_syntax_error_in_the_thread.js
260 silly gunzTarPerm modified mode [ 'test/test16_syntax_error_in_the_thread.js', 420, 438 ]
261 silly gunzTarPerm extractEntry test/test17_pool_pi.js
262 silly gunzTarPerm modified mode [ 'test/test17_pool_pi.js', 420, 438 ]
263 silly gunzTarPerm extractEntry test/test18_pool_any_as_fast_as_possible.js
264 silly gunzTarPerm modified mode [ 'test/test18_pool_any_as_fast_as_possible.js', 420, 438 ]
265 silly gunzTarPerm extractEntry test/test19_pool_emit_any_all.js
266 silly gunzTarPerm modified mode [ 'test/test19_pool_emit_any_all.js', 420, 438 ]
267 silly gunzTarPerm extractEntry test/test09_throw_from_the_callback.js
268 silly gunzTarPerm modified mode [ 'test/test09_throw_from_the_callback.js', 420, 438 ]
269 silly gunzTarPerm extractEntry test/test20_removeAllListeners.js
270 silly gunzTarPerm modified mode [ 'test/test20_removeAllListeners.js', 420, 438 ]
271 silly gunzTarPerm extractEntry test/test08_sigkill_leaks.js
272 silly gunzTarPerm modified mode [ 'test/test08_sigkill_leaks.js', 420, 438 ]
273 silly gunzTarPerm extractEntry test/test21_emit_ping_pong_big_string.js
274 silly gunzTarPerm modified mode [ 'test/test21_emit_ping_pong_big_string.js', 420, 438 ]
275 silly gunzTarPerm extractEntry test/test07_sigkill.js
276 silly gunzTarPerm modified mode [ 'test/test07_sigkill.js', 420, 438 ]
277 silly gunzTarPerm extractEntry test/test22_create_destroy_loop.js
278 silly gunzTarPerm modified mode [ 'test/test22_create_destroy_loop.js', 420, 438 ]
279 silly gunzTarPerm extractEntry test/test06_throw_from_the_thread.js
280 silly gunzTarPerm modified mode [ 'test/test06_throw_from_the_thread.js', 420, 438 ]
281 silly gunzTarPerm extractEntry test/test23_create_destroy_loop.js
282 silly gunzTarPerm modified mode [ 'test/test23_create_destroy_loop.js', 420, 438 ]
283 silly gunzTarPerm extractEntry test/test05_debugLeaksNoCallbacks.js
284 silly gunzTarPerm modified mode [ 'test/test05_debugLeaksNoCallbacks.js', 420, 438 ]
285 silly gunzTarPerm extractEntry test/test24_puts.js
286 silly gunzTarPerm modified mode [ 'test/test24_puts.js', 420, 438 ]
287 silly gunzTarPerm extractEntry test/test04_gc_versus_not_gc.js
288 silly gunzTarPerm modified mode [ 'test/test04_gc_versus_not_gc.js', 420, 438 ]
289 silly gunzTarPerm extractEntry test/test25_delete_puts.js
290 silly gunzTarPerm modified mode [ 'test/test25_delete_puts.js', 420, 438 ]
291 silly gunzTarPerm extractEntry test/test03_infiniteLoopFunction.js
292 silly gunzTarPerm modified mode [ 'test/test03_infiniteLoopFunction.js', 420, 438 ]
293 silly gunzTarPerm extractEntry test/test26_puts_with_many_args.js
294 silly gunzTarPerm modified mode [ 'test/test26_puts_with_many_args.js', 420, 438 ]
295 silly gunzTarPerm extractEntry test/test02_loop_as_fast_as_possible.js
296 silly gunzTarPerm modified mode [ 'test/test02_loop_as_fast_as_possible.js', 420, 438 ]
297 silly gunzTarPerm extractEntry test/test27_puts_event_loop.js
298 silly gunzTarPerm modified mode [ 'test/test27_puts_event_loop.js', 420, 438 ]
299 silly gunzTarPerm extractEntry test/test01_loop_as_fast_as_possible.js
300 silly gunzTarPerm modified mode [ 'test/test01_loop_as_fast_as_possible.js', 420, 438 ]
301 silly gunzTarPerm extractEntry test/test28_puts_nextTick_loop.js
302 silly gunzTarPerm modified mode [ 'test/test28_puts_nextTick_loop.js', 420, 438 ]
303 silly gunzTarPerm extractEntry test/test00_run_once_and_destroy.js
304 silly gunzTarPerm modified mode [ 'test/test00_run_once_and_destroy.js', 436, 438 ]
305 silly gunzTarPerm extractEntry test/test29_puts_callback_loop.js
306 silly gunzTarPerm modified mode [ 'test/test29_puts_callback_loop.js', 420, 438 ]
307 silly gunzTarPerm extractEntry test/test14_emit_once.js
308 silly gunzTarPerm modified mode [ 'test/test14_emit_once.js', 420, 438 ]
309 silly gunzTarPerm extractEntry .travis.yml
310 silly gunzTarPerm modified mode [ '.travis.yml', 436, 438 ]
311 silly gunzTarPerm extractEntry test.ls
312 silly gunzTarPerm modified mode [ 'test.ls', 493, 511 ]
313 silly gentlyRm C:\MIT\project\speakab\node_modules\.staging\webworker-threads-0c8da8e1\node_modules is being purged
314 verbose gentlyRm don't care about contents; nuking C:\MIT\project\speakab\node_modules\.staging\webworker-threads-0c8da8e1\node_modules
315 silly doParallel preinstall 1
316 silly preinstall webworker-threads@0.7.12 C:\MIT\project\speakab\node_modules\.staging\webworker-threads-0c8da8e1
317 info lifecycle webworker-threads@0.7.12~preinstall: webworker-threads@0.7.12
318 silly lifecycle webworker-threads@0.7.12~preinstall: no script for preinstall, continuing
319 silly doReverseSerial remove 0
320 silly doSerial move 0
321 silly doSerial finalize 1
322 silly finalize C:\MIT\project\speakab\node_modules\webworker-threads
323 silly doSerial build 1
324 silly build webworker-threads@0.7.12
325 info linkStuff webworker-threads@0.7.12
326 silly linkStuff webworker-threads@0.7.12 has C:\MIT\project\speakab\node_modules as its parent node_modules
327 verbose linkBins webworker-threads@0.7.12
328 verbose linkMans webworker-threads@0.7.12
329 silly doSerial global-link 0
330 silly doParallel update-linked 0
331 silly doSerial install 1
332 silly install webworker-threads@0.7.12 C:\MIT\project\speakab\node_modules\.staging\webworker-threads-0c8da8e1
333 info lifecycle webworker-threads@0.7.12~install: webworker-threads@0.7.12
334 verbose lifecycle webworker-threads@0.7.12~install: unsafe-perm in lifecycle true
335 verbose lifecycle webworker-threads@0.7.12~install: PATH: C:\Program Files\nodejs\node_modules\npm\bin\node-gyp-bin;C:\MIT\project\speakab\node_modules\webworker-threads\node_modules\.bin;C:\MIT\project\speakab\node_modules\.bin;C:\Program Files (x86)\Common Files\Intel\Shared Files\cpp\bin\Intel64;C:\ProgramData\Oracle\Java\javapath;C:\Program Files (x86)\NVIDIA Corporation\PhysX\Common;C:\Program Files (x86)\Intel\iCLS Client\;C:\Program Files\Intel\iCLS Client\;c:\program files (x86)\Inprise\vbroker\bin;C:\Program Files (x86)\Borland\Delphi7\Bin;C:\Program Files (x86)\Borland\Delphi7\Projects\Bpl\;C:\WINDOWS\system32;C:\WINDOWS;C:\WINDOWS\System32\Wbem;C:\WINDOWS\System32\WindowsPowerShell\v1.0\;C:\Program Files\Intel\Intel(R) Management Engine Components\DAL;C:\Program Files\Intel\Intel(R) Management Engine Components\IPT;C:\Program Files (x86)\Intel\Intel(R) Management Engine Components\DAL;C:\Program Files (x86)\Intel\Intel(R) Management Engine Components\IPT;C:\instantclient_11_2;C:\Program Files (x86)\Heroku\bin;C:\Program Files (x86)\git\cmd;C:\Program Files (x86)\QuickTime\QTSystem\;C:\Program Files\nodejs\;C:\Program Files (x86)\Skype\Phone\;C:\Program Files\Git\cmd;C:\ \miktex\bin\x64\;C:\Program Files\MixTex\miktex\bin\x64\;C:\Program Files (x86)\MixTex\miktex\bin\;C:\instantclient_11_2;C:\Users\Akmaral\AppData\Local\Microsoft\WindowsApps;C:\Users\Akmaral\AppData\Roaming\npm;C:\Users\Akmaral\AppData\Local\.meteor\;C:\Program Files\Heroku\bin
336 verbose lifecycle webworker-threads@0.7.12~install: CWD: C:\MIT\project\speakab\node_modules\webworker-threads
337 silly lifecycle webworker-threads@0.7.12~install: Args: [ '/d /s /c', 'node-gyp rebuild' ]
338 silly lifecycle webworker-threads@0.7.12~install: Returned: code: 1  signal: null
339 info lifecycle webworker-threads@0.7.12~install: Failed to exec install script
340 verbose unlock done using C:\Users\Akmaral\AppData\Roaming\npm-cache\_locks\staging-371f4f5e9ec59a41.lock for C:\MIT\project\speakab\node_modules\.staging
341 silly rollbackFailedOptional Starting
342 silly rollbackFailedOptional Finishing
343 silly runTopLevelLifecycles Finishing
344 silly install printInstalled
345 verbose stack Error: webworker-threads@0.7.12 install: `node-gyp rebuild`
345 verbose stack Exit status 1
345 verbose stack     at EventEmitter.<anonymous> (C:\Program Files\nodejs\node_modules\npm\lib\utils\lifecycle.js:255:16)
345 verbose stack     at emitTwo (events.js:106:13)
345 verbose stack     at EventEmitter.emit (events.js:191:7)
345 verbose stack     at ChildProcess.<anonymous> (C:\Program Files\nodejs\node_modules\npm\lib\utils\spawn.js:40:14)
345 verbose stack     at emitTwo (events.js:106:13)
345 verbose stack     at ChildProcess.emit (events.js:191:7)
345 verbose stack     at maybeClose (internal/child_process.js:891:16)
345 verbose stack     at Process.ChildProcess._handle.onexit (internal/child_process.js:226:5)
346 verbose pkgid webworker-threads@0.7.12
347 verbose cwd C:\MIT\project\speakab
348 error Windows_NT 10.0.14393
349 error argv "C:\\Program Files\\nodejs\\node.exe" "C:\\Program Files\\nodejs\\node_modules\\npm\\bin\\npm-cli.js" "install" "--save" "webworker-threads"
350 error node v6.11.0
351 error npm  v3.10.10
352 error code ELIFECYCLE
353 error webworker-threads@0.7.12 install: `node-gyp rebuild`
353 error Exit status 1
354 error Failed at the webworker-threads@0.7.12 install script 'node-gyp rebuild'.
354 error Make sure you have the latest version of node.js and npm installed.
354 error If you do, this is most likely a problem with the webworker-threads package,
354 error not with npm itself.
354 error Tell the author that this fails on your system:
354 error     node-gyp rebuild
354 error You can get information on how to open an issue for this project with:
354 error     npm bugs webworker-threads
354 error Or if that isn't available, you can get their info via:
354 error     npm owner ls webworker-threads
354 error There is likely additional logging output above.
355 verbose exit [ 1, true ]
